START: 2012-09-26 00:56:44.009151
Resumption Token: LR!2011-09-07T02:15:34Z!2037-01-01T00:00:00Z!oai_dc!1749000
END: 2012-09-26 00:56:56.558037
URL ECONDED TOKEN: LR!2011-09-07T02:15:34Z!2037-01-01T00:00:00Z!oai_dc!1749000
Resumption Token: resumptionToken=LR%212011-09-07T02%3A15%3A34Z%212037-01-01T00%3A00%3A00Z%21oai_dc%211749000
END: 2012-09-26 00:57:09.680807
START: 2012-09-26 00:57:21.957883
URL ECONDED TOKEN: LR!2011-09-07T02:15:34Z!2037-01-01T00:00:00Z!oai_dc!1750000
Resumption Token: resumptionToken=LR%212011-09-07T02%3A15%3A34Z%212037-01-01T00%3A00%3A00Z%21oai_dc%211750000
END: 2012-09-26 00:57:34.845094
START: 2012-09-26 00:57:47.097439
URL ECONDED TOKEN: LR!2011-09-07T02:15:34Z!2037-01-01T00:00:00Z!oai_dc!1751000
Resumption Token: resumptionToken=LR%212011-09-07T02%3A15%3A34Z%212037-01-01T00%3A00%3A00Z%21oai_dc%211751000
END: 2012-09-26 00:58:01.371928
START: 2012-09-26 00:58:14.796226
URL ECONDED TOKEN: LR!2011-09-07T02:15:34Z!2037-01-01T00:00:00Z!oai_dc!1752000
Resumption Token: resumptionToken=LR%212011-09-07T02%3A15%3A34Z%212037-01-01T00%3A00%3A00Z%21oai_dc%211752000
END: 2012-09-26 00:58:27.151855
START: 2012-09-26 00:58:40.226146
URL ECONDED TOKEN: LR!2011-09-07T02:15:34Z!2037-01-01T00:00:00Z!oai_dc!1753000
Resumption Token: resumptionToken=LR%212011-09-07T02%3A15%3A34Z%212037-01-01T00%3A00%3A00Z%21oai_dc%211753000
END: 2012-09-26 00:58:51.608141
START: 2012-09-26 00:59:02.572740
URL ECONDED TOKEN: LR!2011-09-07T02:15:34Z!2037-01-01T00:00:00Z!oai_dc!1754000
Resumption Token: resumptionToken=LR%212011-09-07T02%3A15%3A34Z%212037-01-01T00%3A00%3A00Z%21oai_dc%211754000
END: 2012-09-26 00:59:14.044706
START: 2012-09-26 00:59:25.108601
URL ECONDED TOKEN: LR!2011-09-07T02:15:34Z!2037-01-01T00:00:00Z!oai_dc!1755000
Resumption Token: resumptionToken=LR%212011-09-07T02%3A15%3A34Z%212037-01-01T00%3A00%3A00Z%21oai_dc%211755000
END: 2012-09-26 00:59:37.668005
START: 2012-09-26 00:59:49.682829
URL ECONDED TOKEN: LR!2011-09-07T02:15:34Z!2037-01-01T00:00:00Z!oai_dc!1756000
Resumption Token: resumptionToken=LR%212011-09-07T02%3A15%3A34Z%212037-01-01T00%3A00%3A00Z%21oai_dc%211756000
END: 2012-09-26 01:00:02.354884
START: 2012-09-26 01:00:16.063396
URL ECONDED TOKEN: LR!2011-09-07T02:15:34Z!2037-01-01T00:00:00Z!oai_dc!1757000
Resumption Token: resumptionToken=LR%212011-09-07T02%3A15%3A34Z%212037-01-01T00%3A00%3A00Z%21oai_dc%211757000
END: 2012-09-26 01:00:28.614163
START: 2012-09-26 01:00:40.786160
URL ECONDED TOKEN: LR!2011-09-07T02:15:34Z!2037-01-01T00:00:00Z!oai_dc!1758000
Resumption Token: resumptionToken=LR%212011-09-07T02%3A15%3A34Z%212037-01-01T00%3A00%3A00Z%21oai_dc%211758000
END: 2012-09-26 01:00:53.583294
START: 2012-09-26 01:01:06.670878
URL ECONDED TOKEN: LR!2011-09-07T02:15:34Z!2037-01-01T00:00:00Z!oai_dc!1759000
Resumption Token: resumptionToken=LR%212011-09-07T02%3A15%3A34Z%212037-01-01T00%3A00%3A00Z%21oai_dc%211759000
END: 2012-09-26 01:01:21.111493
START: 2012-09-26 01:01:34.662133
URL ECONDED TOKEN: LR!2011-09-07T02:15:34Z!2037-01-01T00:00:00Z!oai_dc!1760000
Resumption Token: resumptionToken=LR%212011-09-07T02%3A15%3A34Z%212037-01-01T00%3A00%3A00Z%21oai_dc%211760000
END: 2012-09-26 01:01:47.283720
START: 2012-09-26 01:02:00.616872
URL ECONDED TOKEN: LR!2011-09-07T02:15:34Z!2037-01-01T00:00:00Z!oai_dc!1761000
Resumption Token: resumptionToken=LR%212011-09-07T02%3A15%3A34Z%212037-01-01T00%3A00%3A00Z%21oai_dc%211761000
END: 2012-09-26 01:02:14.247798
START: 2012-09-26 01:02:28.086928
URL ECONDED TOKEN: LR!2011-09-07T02:15:34Z!2037-01-01T00:00:00Z!oai_dc!1762000
Resumption Token: resumptionToken=LR%212011-09-07T02%3A15%3A34Z%212037-01-01T00%3A00%3A00Z%21oai_dc%211762000
END: 2012-09-26 01:02:42.418535
START: 2012-09-26 01:02:56.164671
URL ECONDED TOKEN: LR!2011-09-07T02:15:34Z!2037-01-01T00:00:00Z!oai_dc!1763000
Resumption Token: resumptionToken=LR%212011-09-07T02%3A15%3A34Z%212037-01-01T00%3A00%3A00Z%21oai_dc%211763000
END: 2012-09-26 01:03:10.074481
START: 2012-09-26 01:03:23.882095
URL ECONDED TOKEN: LR!2011-09-07T02:15:34Z!2037-01-01T00:00:00Z!oai_dc!1764000
Resumption Token: resumptionToken=LR%212011-09-07T02%3A15%3A34Z%212037-01-01T00%3A00%3A00Z%21oai_dc%211764000
END: 2012-09-26 01:03:38.494116
START: 2012-09-26 01:03:52.325640
URL ECONDED TOKEN: LR!2011-09-07T02:15:34Z!2037-01-01T00:00:00Z!oai_dc!1765000
Resumption Token: resumptionToken=LR%212011-09-07T02%3A15%3A34Z%212037-01-01T00%3A00%3A00Z%21oai_dc%211765000
END: 2012-09-26 01:04:06.447565
START: 2012-09-26 01:04:20.211332
URL ECONDED TOKEN: LR!2011-09-07T02:15:34Z!2037-01-01T00:00:00Z!oai_dc!1766000
Resumption Token: resumptionToken=LR%212011-09-07T02%3A15%3A34Z%212037-01-01T00%3A00%3A00Z%21oai_dc%211766000
END: 2012-09-26 01:04:34.519071
START: 2012-09-26 01:04:48.344543
URL ECONDED TOKEN: LR!2011-09-07T02:15:34Z!2037-01-01T00:00:00Z!oai_dc!1767000
Resumption Token: resumptionToken=LR%212011-09-07T02%3A15%3A34Z%212037-01-01T00%3A00%3A00Z%21oai_dc%211767000
END: 2012-09-26 01:05:03.168879
START: 2012-09-26 01:05:17.034109
URL ECONDED TOKEN: LR!2011-09-07T02:15:34Z!2037-01-01T00:00:00Z!oai_dc!1768000
Resumption Token: resumptionToken=LR%212011-09-07T02%3A15%3A34Z%212037-01-01T00%3A00%3A00Z%21oai_dc%211768000
END: 2012-09-26 01:05:30.974035
START: 2012-09-26 01:05:44.275800
URL ECONDED TOKEN: LR!2011-09-07T02:15:34Z!2037-01-01T00:00:00Z!oai_dc!1769000
Resumption Token: resumptionToken=LR%212011-09-07T02%3A15%3A34Z%212037-01-01T00%3A00%3A00Z%21oai_dc%211769000
END: 2012-09-26 01:05:58.061717
START: 2012-09-26 01:06:12.189598
URL ECONDED TOKEN: LR!2011-09-07T02:15:34Z!2037-01-01T00:00:00Z!oai_dc!1770000
Resumption Token: resumptionToken=LR%212011-09-07T02%3A15%3A34Z%212037-01-01T00%3A00%3A00Z%21oai_dc%211770000
END: 2012-09-26 01:06:26.925031
START: 2012-09-26 01:06:40.094203
URL ECONDED TOKEN: LR!2011-09-07T02:15:34Z!2037-01-01T00:00:00Z!oai_dc!1771000
Resumption Token: resumptionToken=LR%212011-09-07T02%3A15%3A34Z%212037-01-01T00%3A00%3A00Z%21oai_dc%211771000
END: 2012-09-26 01:06:54.360972
START: 2012-09-26 01:07:08.262147
URL ECONDED TOKEN: LR!2011-09-07T02:15:34Z!2037-01-01T00:00:00Z!oai_dc!1772000
Resumption Token: resumptionToken=LR%212011-09-07T02%3A15%3A34Z%212037-01-01T00%3A00%3A00Z%21oai_dc%211772000
END: 2012-09-26 01:07:22.450263
START: 2012-09-26 01:07:36.854982
URL ECONDED TOKEN: LR!2011-09-07T02:15:34Z!2037-01-01T00:00:00Z!oai_dc!1773000
Resumption Token: resumptionToken=LR%212011-09-07T02%3A15%3A34Z%212037-01-01T00%3A00%3A00Z%21oai_dc%211773000
END: 2012-09-26 01:07:50.019491
START: 2012-09-26 01:08:02.449868
URL ECONDED TOKEN: LR!2011-09-07T02:15:34Z!2037-01-01T00:00:00Z!oai_dc!1774000
Resumption Token: resumptionToken=LR%212011-09-07T02%3A15%3A34Z%212037-01-01T00%3A00%3A00Z%21oai_dc%211774000
END: 2012-09-26 01:08:15.723987
START: 2012-09-26 01:08:29.943882
URL ECONDED TOKEN: LR!2011-09-07T02:15:34Z!2037-01-01T00:00:00Z!oai_dc!1775000
Resumption Token: resumptionToken=LR%212011-09-07T02%3A15%3A34Z%212037-01-01T00%3A00%3A00Z%21oai_dc%211775000
END: 2012-09-26 01:08:44.729409
START: 2012-09-26 01:08:58.225329
URL ECONDED TOKEN: LR!2011-09-07T02:15:34Z!2037-01-01T00:00:00Z!oai_dc!1776000
Resumption Token: resumptionToken=LR%212011-09-07T02%3A15%3A34Z%212037-01-01T00%3A00%3A00Z%21oai_dc%211776000
END: 2012-09-26 01:09:12.989448
START: 2012-09-26 01:09:26.567552
URL ECONDED TOKEN: LR!2011-09-07T02:15:34Z!2037-01-01T00:00:00Z!oai_dc!1777000
Resumption Token: resumptionToken=LR%212011-09-07T02%3A15%3A34Z%212037-01-01T00%3A00%3A00Z%21oai_dc%211777000
END: 2012-09-26 01:09:39.851798
START: 2012-09-26 01:09:52.951023
URL ECONDED TOKEN: LR!2011-09-07T02:15:34Z!2037-01-01T00:00:00Z!oai_dc!1778000
Resumption Token: resumptionToken=LR%212011-09-07T02%3A15%3A34Z%212037-01-01T00%3A00%3A00Z%21oai_dc%211778000
END: 2012-09-26 01:10:06.637907
START: 2012-09-26 01:10:19.920052
URL ECONDED TOKEN: LR!2011-09-07T02:15:34Z!2037-01-01T00:00:00Z!oai_dc!1779000
Resumption Token: resumptionToken=LR%212011-09-07T02%3A15%3A34Z%212037-01-01T00%3A00%3A00Z%21oai_dc%211779000
END: 2012-09-26 01:10:35.112795
START: 2012-09-26 01:10:48.965056
URL ECONDED TOKEN: LR!2011-09-07T02:15:34Z!2037-01-01T00:00:00Z!oai_dc!1780000
Resumption Token: resumptionToken=LR%212011-09-07T02%3A15%3A34Z%212037-01-01T00%3A00%3A00Z%21oai_dc%211780000
END: 2012-09-26 01:11:03.987147
START: 2012-09-26 01:11:18.242398
URL ECONDED TOKEN: LR!2011-09-07T02:15:34Z!2037-01-01T00:00:00Z!oai_dc!1781000
Resumption Token: resumptionToken=LR%212011-09-07T02%3A15%3A34Z%212037-01-01T00%3A00%3A00Z%21oai_dc%211781000
END: 2012-09-26 01:11:32.854797
START: 2012-09-26 01:11:47.431334
URL ECONDED TOKEN: LR!2011-09-07T02:15:34Z!2037-01-01T00:00:00Z!oai_dc!1782000
Resumption Token: resumptionToken=LR%212011-09-07T02%3A15%3A34Z%212037-01-01T00%3A00%3A00Z%21oai_dc%211782000
END: 2012-09-26 01:12:02.838880
START: 2012-09-26 01:12:17.508878
URL ECONDED TOKEN: LR!2011-09-07T02:15:34Z!2037-01-01T00:00:00Z!oai_dc!1783000
Resumption Token: resumptionToken=LR%212011-09-07T02%3A15%3A34Z%212037-01-01T00%3A00%3A00Z%21oai_dc%211783000
END: 2012-09-26 01:12:32.696349
START: 2012-09-26 01:12:48.055765
URL ECONDED TOKEN: LR!2011-09-07T02:15:34Z!2037-01-01T00:00:00Z!oai_dc!1784000
Resumption Token: resumptionToken=LR%212011-09-07T02%3A15%3A34Z%212037-01-01T00%3A00%3A00Z%21oai_dc%211784000
END: 2012-09-26 01:13:02.496604
START: 2012-09-26 01:13:15.801334
URL ECONDED TOKEN: LR!2011-09-07T02:15:34Z!2037-01-01T00:00:00Z!oai_dc!1785000
Resumption Token: resumptionToken=LR%212011-09-07T02%3A15%3A34Z%212037-01-01T00%3A00%3A00Z%21oai_dc%211785000
END: 2012-09-26 01:13:28.787010
START: 2012-09-26 01:13:43.006724
URL ECONDED TOKEN: LR!2011-09-07T02:15:34Z!2037-01-01T00:00:00Z!oai_dc!1786000
Resumption Token: resumptionToken=LR%212011-09-07T02%3A15%3A34Z%212037-01-01T00%3A00%3A00Z%21oai_dc%211786000
END: 2012-09-26 01:13:56.651935
START: 2012-09-26 01:14:09.475854
URL ECONDED TOKEN: LR!2011-09-07T02:15:34Z!2037-01-01T00:00:00Z!oai_dc!1787000
Resumption Token: resumptionToken=LR%212011-09-07T02%3A15%3A34Z%212037-01-01T00%3A00%3A00Z%21oai_dc%211787000
END: 2012-09-26 01:14:23.721050
START: 2012-09-26 01:14:36.909285
URL ECONDED TOKEN: LR!2011-09-07T02:15:34Z!2037-01-01T00:00:00Z!oai_dc!1788000
Resumption Token: resumptionToken=LR%212011-09-07T02%3A15%3A34Z%212037-01-01T00%3A00%3A00Z%21oai_dc%211788000
END: 2012-09-26 01:14:50.225589
START: 2012-09-26 01:15:02.840739
URL ECONDED TOKEN: LR!2011-09-07T02:15:34Z!2037-01-01T00:00:00Z!oai_dc!1789000
Resumption Token: resumptionToken=LR%212011-09-07T02%3A15%3A34Z%212037-01-01T00%3A00%3A00Z%21oai_dc%211789000
END: 2012-09-26 01:15:16.144781
START: 2012-09-26 01:15:29.673717
URL ECONDED TOKEN: LR!2011-09-07T02:15:34Z!2037-01-01T00:00:00Z!oai_dc!1790000
Resumption Token: resumptionToken=LR%212011-09-07T02%3A15%3A34Z%212037-01-01T00%3A00%3A00Z%21oai_dc%211790000
END: 2012-09-26 01:15:42.179574
START: 2012-09-26 01:15:55.661580
URL ECONDED TOKEN: LR!2011-09-07T02:15:34Z!2037-01-01T00:00:00Z!oai_dc!1791000
Resumption Token: resumptionToken=LR%212011-09-07T02%3A15%3A34Z%212037-01-01T00%3A00%3A00Z%21oai_dc%211791000
END: 2012-09-26 01:16:09.427095
START: 2012-09-26 01:16:22.222373
URL ECONDED TOKEN: LR!2011-09-07T02:15:34Z!2037-01-01T00:00:00Z!oai_dc!1792000
Resumption Token: resumptionToken=LR%212011-09-07T02%3A15%3A34Z%212037-01-01T00%3A00%3A00Z%21oai_dc%211792000
END: 2012-09-26 01:16:36.392850
START: 2012-09-26 01:16:50.011116
URL ECONDED TOKEN: LR!2011-09-07T02:15:34Z!2037-01-01T00:00:00Z!oai_dc!1793000
Resumption Token: resumptionToken=LR%212011-09-07T02%3A15%3A34Z%212037-01-01T00%3A00%3A00Z%21oai_dc%211793000
END: 2012-09-26 01:17:03.639744
START: 2012-09-26 01:17:17.311209
URL ECONDED TOKEN: LR!2011-09-07T02:15:34Z!2037-01-01T00:00:00Z!oai_dc!1794000
Resumption Token: resumptionToken=LR%212011-09-07T02%3A15%3A34Z%212037-01-01T00%3A00%3A00Z%21oai_dc%211794000
END: 2012-09-26 01:17:31.352202
START: 2012-09-26 01:17:45.174500
URL ECONDED TOKEN: LR!2011-09-07T02:15:34Z!2037-01-01T00:00:00Z!oai_dc!1795000
Resumption Token: resumptionToken=LR%212011-09-07T02%3A15%3A34Z%212037-01-01T00%3A00%3A00Z%21oai_dc%211795000
END: 2012-09-26 01:17:59.474861
START: 2012-09-26 01:18:12.870358
URL ECONDED TOKEN: LR!2011-09-07T02:15:34Z!2037-01-01T00:00:00Z!oai_dc!1796000
Resumption Token: resumptionToken=LR%212011-09-07T02%3A15%3A34Z%212037-01-01T00%3A00%3A00Z%21oai_dc%211796000
END: 2012-09-26 01:18:27.024679
START: 2012-09-26 01:18:40.475142
URL ECONDED TOKEN: LR!2011-09-07T02:15:34Z!2037-01-01T00:00:00Z!oai_dc!1797000
Resumption Token: resumptionToken=LR%212011-09-07T02%3A15%3A34Z%212037-01-01T00%3A00%3A00Z%21oai_dc%211797000
END: 2012-09-26 01:18:54.631816
START: 2012-09-26 01:19:08.711844
URL ECONDED TOKEN: LR!2011-09-07T02:15:34Z!2037-01-01T00:00:00Z!oai_dc!1798000
Resumption Token: resumptionToken=LR%212011-09-07T02%3A15%3A34Z%212037-01-01T00%3A00%3A00Z%21oai_dc%211798000
END: 2012-09-26 01:19:22.798327
START: 2012-09-26 01:19:36.372266
URL ECONDED TOKEN: LR!2011-09-07T02:15:34Z!2037-01-01T00:00:00Z!oai_dc!1799000
Resumption Token: resumptionToken=LR%212011-09-07T02%3A15%3A34Z%212037-01-01T00%3A00%3A00Z%21oai_dc%211799000
END: 2012-09-26 01:19:50.483870
START: 2012-09-26 01:20:03.773982
URL ECONDED TOKEN: LR!2011-09-07T02:15:34Z!2037-01-01T00:00:00Z!oai_dc!1800000
Resumption Token: resumptionToken=LR%212011-09-07T02%3A15%3A34Z%212037-01-01T00%3A00%3A00Z%21oai_dc%211800000
END: 2012-09-26 01:20:17.985766
START: 2012-09-26 01:20:31.793783
URL ECONDED TOKEN: LR!2011-09-07T02:15:34Z!2037-01-01T00:00:00Z!oai_dc!1801000
Resumption Token: resumptionToken=LR%212011-09-07T02%3A15%3A34Z%212037-01-01T00%3A00%3A00Z%21oai_dc%211801000
END: 2012-09-26 01:20:44.780632
START: 2012-09-26 01:20:59.191305
URL ECONDED TOKEN: LR!2011-09-07T02:15:34Z!2037-01-01T00:00:00Z!oai_dc!1802000
Resumption Token: resumptionToken=LR%212011-09-07T02%3A15%3A34Z%212037-01-01T00%3A00%3A00Z%21oai_dc%211802000
END: 2012-09-26 01:21:13.374262
START: 2012-09-26 01:21:27.009837
URL ECONDED TOKEN: LR!2011-09-07T02:15:34Z!2037-01-01T00:00:00Z!oai_dc!1803000
Resumption Token: resumptionToken=LR%212011-09-07T02%3A15%3A34Z%212037-01-01T00%3A00%3A00Z%21oai_dc%211803000
END: 2012-09-26 01:21:41.561886
START: 2012-09-26 01:21:55.331628
URL ECONDED TOKEN: LR!2011-09-07T02:15:34Z!2037-01-01T00:00:00Z!oai_dc!1804000
Resumption Token: resumptionToken=LR%212011-09-07T02%3A15%3A34Z%212037-01-01T00%3A00%3A00Z%21oai_dc%211804000
END: 2012-09-26 01:22:10.624285
START: 2012-09-26 01:22:24.728453
URL ECONDED TOKEN: LR!2011-09-07T02:15:34Z!2037-01-01T00:00:00Z!oai_dc!1805000
Resumption Token: resumptionToken=LR%212011-09-07T02%3A15%3A34Z%212037-01-01T00%3A00%3A00Z%21oai_dc%211805000
END: 2012-09-26 01:22:41.418954
START: 2012-09-26 01:22:56.828209
URL ECONDED TOKEN: LR!2011-09-07T02:15:34Z!2037-01-01T00:00:00Z!oai_dc!1806000
Resumption Token: resumptionToken=LR%212011-09-07T02%3A15%3A34Z%212037-01-01T00%3A00%3A00Z%21oai_dc%211806000
END: 2012-09-26 01:23:13.512628
START: 2012-09-26 01:23:29.390462
URL ECONDED TOKEN: LR!2011-09-07T02:15:34Z!2037-01-01T00:00:00Z!oai_dc!1807000
Resumption Token: resumptionToken=LR%212011-09-07T02%3A15%3A34Z%212037-01-01T00%3A00%3A00Z%21oai_dc%211807000
END: 2012-09-26 01:23:44.880784
START: 2012-09-26 01:24:00.121317
URL ECONDED TOKEN: LR!2011-09-07T02:15:34Z!2037-01-01T00:00:00Z!oai_dc!1808000
Resumption Token: resumptionToken=LR%212011-09-07T02%3A15%3A34Z%212037-01-01T00%3A00%3A00Z%21oai_dc%211808000
END: 2012-09-26 01:24:29.361913
START: 2012-09-26 01:24:42.759667
URL ECONDED TOKEN: LR!2011-09-07T02:15:34Z!2037-01-01T00:00:00Z!oai_dc!1809000
Resumption Token: resumptionToken=LR%212011-09-07T02%3A15%3A34Z%212037-01-01T00%3A00%3A00Z%21oai_dc%211809000
END: 2012-09-26 01:24:56.452514
START: 2012-09-26 01:25:11.028528
URL ECONDED TOKEN: LR!2011-09-07T02:15:34Z!2037-01-01T00:00:00Z!oai_dc!1810000
Resumption Token: resumptionToken=LR%212011-09-07T02%3A15%3A34Z%212037-01-01T00%3A00%3A00Z%21oai_dc%211810000
END: 2012-09-26 01:25:25.844940
START: 2012-09-26 01:25:40.010752
URL ECONDED TOKEN: LR!2011-09-07T02:15:34Z!2037-01-01T00:00:00Z!oai_dc!1811000
Resumption Token: resumptionToken=LR%212011-09-07T02%3A15%3A34Z%212037-01-01T00%3A00%3A00Z%21oai_dc%211811000
END: 2012-09-26 01:25:54.442987
START: 2012-09-26 01:26:07.769882
URL ECONDED TOKEN: LR!2011-09-07T02:15:34Z!2037-01-01T00:00:00Z!oai_dc!1812000
Resumption Token: resumptionToken=LR%212011-09-07T02%3A15%3A34Z%212037-01-01T00%3A00%3A00Z%21oai_dc%211812000
END: 2012-09-26 01:26:21.759605
START: 2012-09-26 01:26:36.264913
URL ECONDED TOKEN: LR!2011-09-07T02:15:34Z!2037-01-01T00:00:00Z!oai_dc!1813000
Resumption Token: resumptionToken=LR%212011-09-07T02%3A15%3A34Z%212037-01-01T00%3A00%3A00Z%21oai_dc%211813000
END: 2012-09-26 01:26:50.085903
START: 2012-09-26 01:27:02.757891
URL ECONDED TOKEN: LR!2011-09-07T02:15:34Z!2037-01-01T00:00:00Z!oai_dc!1814000
Resumption Token: resumptionToken=LR%212011-09-07T02%3A15%3A34Z%212037-01-01T00%3A00%3A00Z%21oai_dc%211814000
END: 2012-09-26 01:27:16.910238
START: 2012-09-26 01:27:29.985071
URL ECONDED TOKEN: LR!2011-09-07T02:15:34Z!2037-01-01T00:00:00Z!oai_dc!1815000
Resumption Token: resumptionToken=LR%212011-09-07T02%3A15%3A34Z%212037-01-01T00%3A00%3A00Z%21oai_dc%211815000
END: 2012-09-26 01:27:44.040879
START: 2012-09-26 01:27:56.990319
URL ECONDED TOKEN: LR!2011-09-07T02:15:34Z!2037-01-01T00:00:00Z!oai_dc!1816000
Resumption Token: resumptionToken=LR%212011-09-07T02%3A15%3A34Z%212037-01-01T00%3A00%3A00Z%21oai_dc%211816000
END: 2012-09-26 01:28:10.446707
START: 2012-09-26 01:28:23.864023
URL ECONDED TOKEN: LR!2011-09-07T02:15:34Z!2037-01-01T00:00:00Z!oai_dc!1817000
Resumption Token: resumptionToken=LR%212011-09-07T02%3A15%3A34Z%212037-01-01T00%3A00%3A00Z%21oai_dc%211817000
END: 2012-09-26 01:28:37.502747
START: 2012-09-26 01:28:51.612353
URL ECONDED TOKEN: LR!2011-09-07T02:15:34Z!2037-01-01T00:00:00Z!oai_dc!1818000
Resumption Token: resumptionToken=LR%212011-09-07T02%3A15%3A34Z%212037-01-01T00%3A00%3A00Z%21oai_dc%211818000
END: 2012-09-26 01:29:06.261381
START: 2012-09-26 01:29:20.477489
URL ECONDED TOKEN: LR!2011-09-07T02:15:34Z!2037-01-01T00:00:00Z!oai_dc!1819000
Resumption Token: resumptionToken=LR%212011-09-07T02%3A15%3A34Z%212037-01-01T00%3A00%3A00Z%21oai_dc%211819000
END: 2012-09-26 01:29:35.431201
START: 2012-09-26 01:29:49.952983
URL ECONDED TOKEN: LR!2011-09-07T02:15:34Z!2037-01-01T00:00:00Z!oai_dc!1820000
Resumption Token: resumptionToken=LR%212011-09-07T02%3A15%3A34Z%212037-01-01T00%3A00%3A00Z%21oai_dc%211820000
END: 2012-09-26 01:30:04.058655
START: 2012-09-26 01:30:18.678287
URL ECONDED TOKEN: LR!2011-09-07T02:15:34Z!2037-01-01T00:00:00Z!oai_dc!1821000
Resumption Token: resumptionToken=LR%212011-09-07T02%3A15%3A34Z%212037-01-01T00%3A00%3A00Z%21oai_dc%211821000
END: 2012-09-26 01:30:32.143718
START: 2012-09-26 01:30:45.892479
URL ECONDED TOKEN: LR!2011-09-07T02:15:34Z!2037-01-01T00:00:00Z!oai_dc!1822000
Resumption Token: resumptionToken=LR%212011-09-07T02%3A15%3A34Z%212037-01-01T00%3A00%3A00Z%21oai_dc%211822000
END: 2012-09-26 01:31:00.881295
START: 2012-09-26 01:31:15.209546
URL ECONDED TOKEN: LR!2011-09-07T02:15:34Z!2037-01-01T00:00:00Z!oai_dc!1823000
Resumption Token: resumptionToken=LR%212011-09-07T02%3A15%3A34Z%212037-01-01T00%3A00%3A00Z%21oai_dc%211823000
END: 2012-09-26 01:31:29.658130
START: 2012-09-26 01:31:43.551105
URL ECONDED TOKEN: LR!2011-09-07T02:15:34Z!2037-01-01T00:00:00Z!oai_dc!1824000
Resumption Token: resumptionToken=LR%212011-09-07T02%3A15%3A34Z%212037-01-01T00%3A00%3A00Z%21oai_dc%211824000
END: 2012-09-26 01:31:58.263621
START: 2012-09-26 01:32:11.509489
URL ECONDED TOKEN: LR!2011-09-07T02:15:34Z!2037-01-01T00:00:00Z!oai_dc!1825000
Resumption Token: resumptionToken=LR%212011-09-07T02%3A15%3A34Z%212037-01-01T00%3A00%3A00Z%21oai_dc%211825000
END: 2012-09-26 01:32:25.709587
START: 2012-09-26 01:32:39.679103
URL ECONDED TOKEN: LR!2011-09-07T02:15:34Z!2037-01-01T00:00:00Z!oai_dc!1826000
Resumption Token: resumptionToken=LR%212011-09-07T02%3A15%3A34Z%212037-01-01T00%3A00%3A00Z%21oai_dc%211826000
END: 2012-09-26 01:32:54.055861
START: 2012-09-26 01:33:07.843081
URL ECONDED TOKEN: LR!2011-09-07T02:15:34Z!2037-01-01T00:00:00Z!oai_dc!1827000
Resumption Token: resumptionToken=LR%212011-09-07T02%3A15%3A34Z%212037-01-01T00%3A00%3A00Z%21oai_dc%211827000
END: 2012-09-26 01:33:22.898186
START: 2012-09-26 01:33:37.521794
URL ECONDED TOKEN: LR!2011-09-07T02:15:34Z!2037-01-01T00:00:00Z!oai_dc!1828000
Resumption Token: resumptionToken=LR%212011-09-07T02%3A15%3A34Z%212037-01-01T00%3A00%3A00Z%21oai_dc%211828000
END: 2012-09-26 01:33:52.641829
START: 2012-09-26 01:34:07.568705
URL ECONDED TOKEN: LR!2011-09-07T02:15:34Z!2037-01-01T00:00:00Z!oai_dc!1829000
Resumption Token: resumptionToken=LR%212011-09-07T02%3A15%3A34Z%212037-01-01T00%3A00%3A00Z%21oai_dc%211829000
END: 2012-09-26 01:34:23.007336
START: 2012-09-26 01:34:37.498322
URL ECONDED TOKEN: LR!2011-09-07T02:15:34Z!2037-01-01T00:00:00Z!oai_dc!1830000
Resumption Token: resumptionToken=LR%212011-09-07T02%3A15%3A34Z%212037-01-01T00%3A00%3A00Z%21oai_dc%211830000
END: 2012-09-26 01:34:52.937081
START: 2012-09-26 01:35:07.352985
URL ECONDED TOKEN: LR!2011-09-07T02:15:34Z!2037-01-01T00:00:00Z!oai_dc!1831000
Resumption Token: resumptionToken=LR%212011-09-07T02%3A15%3A34Z%212037-01-01T00%3A00%3A00Z%21oai_dc%211831000
END: 2012-09-26 01:35:22.150759
START: 2012-09-26 01:35:36.501335
URL ECONDED TOKEN: LR!2011-09-07T02:15:34Z!2037-01-01T00:00:00Z!oai_dc!1832000
Resumption Token: resumptionToken=LR%212011-09-07T02%3A15%3A34Z%212037-01-01T00%3A00%3A00Z%21oai_dc%211832000
END: 2012-09-26 01:35:50.619803
START: 2012-09-26 01:36:04.172839
URL ECONDED TOKEN: LR!2011-09-07T02:15:34Z!2037-01-01T00:00:00Z!oai_dc!1833000
Resumption Token: resumptionToken=LR%212011-09-07T02%3A15%3A34Z%212037-01-01T00%3A00%3A00Z%21oai_dc%211833000
END: 2012-09-26 01:36:17.897088
START: 2012-09-26 01:36:32.753096
URL ECONDED TOKEN: LR!2011-09-07T02:15:34Z!2037-01-01T00:00:00Z!oai_dc!1834000
Resumption Token: resumptionToken=LR%212011-09-07T02%3A15%3A34Z%212037-01-01T00%3A00%3A00Z%21oai_dc%211834000
END: 2012-09-26 01:36:47.691522
START: 2012-09-26 01:37:02.528865
URL ECONDED TOKEN: LR!2011-09-07T02:15:34Z!2037-01-01T00:00:00Z!oai_dc!1835000
Resumption Token: resumptionToken=LR%212011-09-07T02%3A15%3A34Z%212037-01-01T00%3A00%3A00Z%21oai_dc%211835000
END: 2012-09-26 01:37:17.517852
START: 2012-09-26 01:37:31.511477
URL ECONDED TOKEN: LR!2011-09-07T02:15:34Z!2037-01-01T00:00:00Z!oai_dc!1836000
Resumption Token: resumptionToken=LR%212011-09-07T02%3A15%3A34Z%212037-01-01T00%3A00%3A00Z%21oai_dc%211836000
END: 2012-09-26 01:37:46.968341
START: 2012-09-26 01:38:00.993366
URL ECONDED TOKEN: LR!2011-09-07T02:15:34Z!2037-01-01T00:00:00Z!oai_dc!1837000
Resumption Token: resumptionToken=LR%212011-09-07T02%3A15%3A34Z%212037-01-01T00%3A00%3A00Z%21oai_dc%211837000
END: 2012-09-26 01:38:15.963570
START: 2012-09-26 01:38:30.556279
URL ECONDED TOKEN: LR!2011-09-07T02:15:34Z!2037-01-01T00:00:00Z!oai_dc!1838000
Resumption Token: resumptionToken=LR%212011-09-07T02%3A15%3A34Z%212037-01-01T00%3A00%3A00Z%21oai_dc%211838000
END: 2012-09-26 01:38:45.972083
START: 2012-09-26 01:39:00.774083
URL ECONDED TOKEN: LR!2011-09-07T02:15:34Z!2037-01-01T00:00:00Z!oai_dc!1839000
Resumption Token: resumptionToken=LR%212011-09-07T02%3A15%3A34Z%212037-01-01T00%3A00%3A00Z%21oai_dc%211839000
END: 2012-09-26 01:39:16.654254
START: 2012-09-26 01:39:32.140351
URL ECONDED TOKEN: LR!2011-09-07T02:15:34Z!2037-01-01T00:00:00Z!oai_dc!1840000
Resumption Token: resumptionToken=LR%212011-09-07T02%3A15%3A34Z%212037-01-01T00%3A00%3A00Z%21oai_dc%211840000
END: 2012-09-26 01:39:48.469304
START: 2012-09-26 01:40:09.143425
URL ECONDED TOKEN: LR!2011-09-07T02:15:34Z!2037-01-01T00:00:00Z!oai_dc!1841000
Resumption Token: resumptionToken=LR%212011-09-07T02%3A15%3A34Z%212037-01-01T00%3A00%3A00Z%21oai_dc%211841000
END: 2012-09-26 01:40:25.680562
START: 2012-09-26 01:40:41.246711
URL ECONDED TOKEN: LR!2011-09-07T02:15:34Z!2037-01-01T00:00:00Z!oai_dc!1842000
Resumption Token: resumptionToken=LR%212011-09-07T02%3A15%3A34Z%212037-01-01T00%3A00%3A00Z%21oai_dc%211842000
END: 2012-09-26 01:40:57.798515
START: 2012-09-26 01:41:13.442923
URL ECONDED TOKEN: LR!2011-09-07T02:15:34Z!2037-01-01T00:00:00Z!oai_dc!1843000
Resumption Token: resumptionToken=LR%212011-09-07T02%3A15%3A34Z%212037-01-01T00%3A00%3A00Z%21oai_dc%211843000
END: 2012-09-26 01:41:30.336401
START: 2012-09-26 01:41:46.335460
URL ECONDED TOKEN: LR!2011-09-07T02:15:34Z!2037-01-01T00:00:00Z!oai_dc!1844000
Resumption Token: resumptionToken=LR%212011-09-07T02%3A15%3A34Z%212037-01-01T00%3A00%3A00Z%21oai_dc%211844000
END: 2012-09-26 01:42:03.239630
START: 2012-09-26 01:42:19.052067
URL ECONDED TOKEN: LR!2011-09-07T02:15:34Z!2037-01-01T00:00:00Z!oai_dc!1845000
Resumption Token: resumptionToken=LR%212011-09-07T02%3A15%3A34Z%212037-01-01T00%3A00%3A00Z%21oai_dc%211845000
END: 2012-09-26 01:42:35.125166
START: 2012-09-26 01:42:51.544920
URL ECONDED TOKEN: LR!2011-09-07T02:15:34Z!2037-01-01T00:00:00Z!oai_dc!1846000
Resumption Token: resumptionToken=LR%212011-09-07T02%3A15%3A34Z%212037-01-01T00%3A00%3A00Z%21oai_dc%211846000
END: 2012-09-26 01:43:08.044632
START: 2012-09-26 01:43:24.193609
URL ECONDED TOKEN: LR!2011-09-07T02:15:34Z!2037-01-01T00:00:00Z!oai_dc!1847000
Resumption Token: resumptionToken=LR%212011-09-07T02%3A15%3A34Z%212037-01-01T00%3A00%3A00Z%21oai_dc%211847000
END: 2012-09-26 01:43:41.147331
START: 2012-09-26 01:43:57.268303
URL ECONDED TOKEN: LR!2011-09-07T02:15:34Z!2037-01-01T00:00:00Z!oai_dc!1848000
Resumption Token: resumptionToken=LR%212011-09-07T02%3A15%3A34Z%212037-01-01T00%3A00%3A00Z%21oai_dc%211848000
END: 2012-09-26 01:44:13.668106
START: 2012-09-26 01:44:28.842705
URL ECONDED TOKEN: LR!2011-09-07T02:15:34Z!2037-01-01T00:00:00Z!oai_dc!1849000
Resumption Token: resumptionToken=LR%212011-09-07T02%3A15%3A34Z%212037-01-01T00%3A00%3A00Z%21oai_dc%211849000
END: 2012-09-26 01:44:45.813145
START: 2012-09-26 01:45:02.225229
URL ECONDED TOKEN: LR!2011-09-07T02:15:34Z!2037-01-01T00:00:00Z!oai_dc!1850000
Resumption Token: resumptionToken=LR%212011-09-07T02%3A15%3A34Z%212037-01-01T00%3A00%3A00Z%21oai_dc%211850000
END: 2012-09-26 01:45:19.208788
START: 2012-09-26 01:45:35.430135
URL ECONDED TOKEN: LR!2011-09-07T02:15:34Z!2037-01-01T00:00:00Z!oai_dc!1851000
Resumption Token: resumptionToken=LR%212011-09-07T02%3A15%3A34Z%212037-01-01T00%3A00%3A00Z%21oai_dc%211851000
END: 2012-09-26 01:45:53.019528
START: 2012-09-26 01:46:08.712883
URL ECONDED TOKEN: LR!2011-09-07T02:15:34Z!2037-01-01T00:00:00Z!oai_dc!1852000
Resumption Token: resumptionToken=LR%212011-09-07T02%3A15%3A34Z%212037-01-01T00%3A00%3A00Z%21oai_dc%211852000
END: 2012-09-26 01:46:25.139412
START: 2012-09-26 01:46:39.798546
URL ECONDED TOKEN: LR!2011-09-07T02:15:34Z!2037-01-01T00:00:00Z!oai_dc!1853000
Resumption Token: resumptionToken=LR%212011-09-07T02%3A15%3A34Z%212037-01-01T00%3A00%3A00Z%21oai_dc%211853000
END: 2012-09-26 01:46:56.007764
START: 2012-09-26 01:47:11.313458
URL ECONDED TOKEN: LR!2011-09-07T02:15:34Z!2037-01-01T00:00:00Z!oai_dc!1854000
Resumption Token: resumptionToken=LR%212011-09-07T02%3A15%3A34Z%212037-01-01T00%3A00%3A00Z%21oai_dc%211854000
END: 2012-09-26 01:47:26.134066
START: 2012-09-26 01:47:40.809860
URL ECONDED TOKEN: LR!2011-09-07T02:15:34Z!2037-01-01T00:00:00Z!oai_dc!1855000
Resumption Token: resumptionToken=LR%212011-09-07T02%3A15%3A34Z%212037-01-01T00%3A00%3A00Z%21oai_dc%211855000
END: 2012-09-26 01:47:56.013428
START: 2012-09-26 01:48:24.585978
URL ECONDED TOKEN: LR!2011-09-07T02:15:34Z!2037-01-01T00:00:00Z!oai_dc!1856000
Resumption Token: resumptionToken=LR%212011-09-07T02%3A15%3A34Z%212037-01-01T00%3A00%3A00Z%21oai_dc%211856000
END: 2012-09-26 01:48:38.990704
START: 2012-09-26 01:48:53.130940
URL ECONDED TOKEN: LR!2011-09-07T02:15:34Z!2037-01-01T00:00:00Z!oai_dc!1857000
Resumption Token: resumptionToken=LR%212011-09-07T02%3A15%3A34Z%212037-01-01T00%3A00%3A00Z%21oai_dc%211857000
END: 2012-09-26 01:49:07.573081
START: 2012-09-26 01:49:21.609464
URL ECONDED TOKEN: LR!2011-09-07T02:15:34Z!2037-01-01T00:00:00Z!oai_dc!1858000
Resumption Token: resumptionToken=LR%212011-09-07T02%3A15%3A34Z%212037-01-01T00%3A00%3A00Z%21oai_dc%211858000
END: 2012-09-26 01:49:36.656419
START: 2012-09-26 01:49:50.678052
URL ECONDED TOKEN: LR!2011-09-07T02:15:34Z!2037-01-01T00:00:00Z!oai_dc!1859000
Resumption Token: resumptionToken=LR%212011-09-07T02%3A15%3A34Z%212037-01-01T00%3A00%3A00Z%21oai_dc%211859000
END: 2012-09-26 01:50:05.464437
START: 2012-09-26 01:50:19.948479
URL ECONDED TOKEN: LR!2011-09-07T02:15:34Z!2037-01-01T00:00:00Z!oai_dc!1860000
Resumption Token: resumptionToken=LR%212011-09-07T02%3A15%3A34Z%212037-01-01T00%3A00%3A00Z%21oai_dc%211860000
END: 2012-09-26 01:50:34.698026
START: 2012-09-26 01:50:49.421504
URL ECONDED TOKEN: LR!2011-09-07T02:15:34Z!2037-01-01T00:00:00Z!oai_dc!1861000
Resumption Token: resumptionToken=LR%212011-09-07T02%3A15%3A34Z%212037-01-01T00%3A00%3A00Z%21oai_dc%211861000
END: 2012-09-26 01:51:04.377396
START: 2012-09-26 01:51:18.440132
URL ECONDED TOKEN: LR!2011-09-07T02:15:34Z!2037-01-01T00:00:00Z!oai_dc!1862000
Resumption Token: resumptionToken=LR%212011-09-07T02%3A15%3A34Z%212037-01-01T00%3A00%3A00Z%21oai_dc%211862000
END: 2012-09-26 01:51:33.037332
START: 2012-09-26 01:51:47.413814
URL ECONDED TOKEN: LR!2011-09-07T02:15:34Z!2037-01-01T00:00:00Z!oai_dc!1863000
Resumption Token: resumptionToken=LR%212011-09-07T02%3A15%3A34Z%212037-01-01T00%3A00%3A00Z%21oai_dc%211863000
END: 2012-09-26 01:52:02.299841
START: 2012-09-26 01:52:16.326876
URL ECONDED TOKEN: LR!2011-09-07T02:15:34Z!2037-01-01T00:00:00Z!oai_dc!1864000
Resumption Token: resumptionToken=LR%212011-09-07T02%3A15%3A34Z%212037-01-01T00%3A00%3A00Z%21oai_dc%211864000
END: 2012-09-26 01:52:32.394532
START: 2012-09-26 01:52:47.583518
URL ECONDED TOKEN: LR!2011-09-07T02:15:34Z!2037-01-01T00:00:00Z!oai_dc!1865000
Resumption Token: resumptionToken=LR%212011-09-07T02%3A15%3A34Z%212037-01-01T00%3A00%3A00Z%21oai_dc%211865000
END: 2012-09-26 01:53:03.535555
START: 2012-09-26 01:53:18.733481
URL ECONDED TOKEN: LR!2011-09-07T02:15:34Z!2037-01-01T00:00:00Z!oai_dc!1866000
Resumption Token: resumptionToken=LR%212011-09-07T02%3A15%3A34Z%212037-01-01T00%3A00%3A00Z%21oai_dc%211866000
END: 2012-09-26 01:53:34.583718
START: 2012-09-26 01:53:49.860564
URL ECONDED TOKEN: LR!2011-09-07T02:15:34Z!2037-01-01T00:00:00Z!oai_dc!1867000
Resumption Token: resumptionToken=LR%212011-09-07T02%3A15%3A34Z%212037-01-01T00%3A00%3A00Z%21oai_dc%211867000
END: 2012-09-26 01:54:05.583286
START: 2012-09-26 01:54:20.539474
URL ECONDED TOKEN: LR!2011-09-07T02:15:34Z!2037-01-01T00:00:00Z!oai_dc!1868000
Resumption Token: resumptionToken=LR%212011-09-07T02%3A15%3A34Z%212037-01-01T00%3A00%3A00Z%21oai_dc%211868000
END: 2012-09-26 01:54:35.521873
START: 2012-09-26 01:54:49.885744
URL ECONDED TOKEN: LR!2011-09-07T02:15:34Z!2037-01-01T00:00:00Z!oai_dc!1869000
Resumption Token: resumptionToken=LR%212011-09-07T02%3A15%3A34Z%212037-01-01T00%3A00%3A00Z%21oai_dc%211869000
END: 2012-09-26 01:55:04.869831
START: 2012-09-26 01:55:19.214518
URL ECONDED TOKEN: LR!2011-09-07T02:15:34Z!2037-01-01T00:00:00Z!oai_dc!1870000
Resumption Token: resumptionToken=LR%212011-09-07T02%3A15%3A34Z%212037-01-01T00%3A00%3A00Z%21oai_dc%211870000
END: 2012-09-26 01:55:34.208935
START: 2012-09-26 01:55:48.900050
URL ECONDED TOKEN: LR!2011-09-07T02:15:34Z!2037-01-01T00:00:00Z!oai_dc!1871000
Resumption Token: resumptionToken=LR%212011-09-07T02%3A15%3A34Z%212037-01-01T00%3A00%3A00Z%21oai_dc%211871000
END: 2012-09-26 01:56:04.217267
START: 2012-09-26 01:56:18.700867
URL ECONDED TOKEN: LR!2011-09-07T02:15:34Z!2037-01-01T00:00:00Z!oai_dc!1872000
Resumption Token: resumptionToken=LR%212011-09-07T02%3A15%3A34Z%212037-01-01T00%3A00%3A00Z%21oai_dc%211872000
END: 2012-09-26 01:56:32.840328
START: 2012-09-26 01:56:47.428596
URL ECONDED TOKEN: LR!2011-09-07T02:15:34Z!2037-01-01T00:00:00Z!oai_dc!1873000
Resumption Token: resumptionToken=LR%212011-09-07T02%3A15%3A34Z%212037-01-01T00%3A00%3A00Z%21oai_dc%211873000
END: 2012-09-26 01:57:02.911914
START: 2012-09-26 01:57:17.408945
URL ECONDED TOKEN: LR!2011-09-07T02:15:34Z!2037-01-01T00:00:00Z!oai_dc!1874000
Resumption Token: resumptionToken=LR%212011-09-07T02%3A15%3A34Z%212037-01-01T00%3A00%3A00Z%21oai_dc%211874000
END: 2012-09-26 01:57:32.588615
START: 2012-09-26 01:57:47.227962
URL ECONDED TOKEN: LR!2011-09-07T02:15:34Z!2037-01-01T00:00:00Z!oai_dc!1875000
Resumption Token: resumptionToken=LR%212011-09-07T02%3A15%3A34Z%212037-01-01T00%3A00%3A00Z%21oai_dc%211875000
END: 2012-09-26 01:58:01.865287
START: 2012-09-26 01:58:16.939609
URL ECONDED TOKEN: LR!2011-09-07T02:15:34Z!2037-01-01T00:00:00Z!oai_dc!1876000
Resumption Token: resumptionToken=LR%212011-09-07T02%3A15%3A34Z%212037-01-01T00%3A00%3A00Z%21oai_dc%211876000
END: 2012-09-26 01:58:32.179601
START: 2012-09-26 01:58:46.718456
URL ECONDED TOKEN: LR!2011-09-07T02:15:34Z!2037-01-01T00:00:00Z!oai_dc!1877000
Resumption Token: resumptionToken=LR%212011-09-07T02%3A15%3A34Z%212037-01-01T00%3A00%3A00Z%21oai_dc%211877000
END: 2012-09-26 01:59:02.836288
START: 2012-09-26 01:59:18.399785
URL ECONDED TOKEN: LR!2011-09-07T02:15:34Z!2037-01-01T00:00:00Z!oai_dc!1878000
Resumption Token: resumptionToken=LR%212011-09-07T02%3A15%3A34Z%212037-01-01T00%3A00%3A00Z%21oai_dc%211878000
Traceback (most recent call last):
  File "primitive-harvester-restart.py", line 79, in <module>
    oaipmhXML = oaipmh_response(getRecordsURLLoop).toxml()
  File "primitive-harvester-restart.py", line 15, in oaipmh_response
    file = urllib2.urlopen(URL)
  File "/usr/lib/python2.7/urllib2.py", line 126, in urlopen
    return _opener.open(url, data, timeout)
  File "/usr/lib/python2.7/urllib2.py", line 406, in open
    response = meth(req, response)
  File "/usr/lib/python2.7/urllib2.py", line 519, in http_response
    'http', request, response, code, msg, hdrs)
  File "/usr/lib/python2.7/urllib2.py", line 444, in error
    return self._call_chain(*args)
  File "/usr/lib/python2.7/urllib2.py", line 378, in _call_chain
    result = func(*args)
  File "/usr/lib/python2.7/urllib2.py", line 527, in http_error_default
    raise HTTPError(req.get_full_url(), code, msg, hdrs, fp)
urllib2.HTTPError: HTTP Error 500: Internal Server Error
