URL ECONDED TOKEN: LR!2011-09-07T02:15:34Z!2037-01-01T00:00:00Z!oai_dc!1882000
Resumption Token: resumptionToken=LR%212011-09-07T02%3A15%3A34Z%212037-01-01T00%3A00%3A00Z%21oai_dc%211882000
URL ECONDED TOKEN: LR!2011-09-07T02:15:34Z!2037-01-01T00:00:00Z!oai_dc!1883000
Resumption Token: resumptionToken=LR%212011-09-07T02%3A15%3A34Z%212037-01-01T00%3A00%3A00Z%21oai_dc%211883000
URL ECONDED TOKEN: LR!2011-09-07T02:15:34Z!2037-01-01T00:00:00Z!oai_dc!1884000
Resumption Token: resumptionToken=LR%212011-09-07T02%3A15%3A34Z%212037-01-01T00%3A00%3A00Z%21oai_dc%211884000
URL ECONDED TOKEN: LR!2011-09-07T02:15:34Z!2037-01-01T00:00:00Z!oai_dc!1885000
Resumption Token: resumptionToken=LR%212011-09-07T02%3A15%3A34Z%212037-01-01T00%3A00%3A00Z%21oai_dc%211885000
URL ECONDED TOKEN: LR!2011-09-07T02:15:34Z!2037-01-01T00:00:00Z!oai_dc!1886000
Resumption Token: resumptionToken=LR%212011-09-07T02%3A15%3A34Z%212037-01-01T00%3A00%3A00Z%21oai_dc%211886000
URL ECONDED TOKEN: LR!2011-09-07T02:15:34Z!2037-01-01T00:00:00Z!oai_dc!1887000
Resumption Token: resumptionToken=LR%212011-09-07T02%3A15%3A34Z%212037-01-01T00%3A00%3A00Z%21oai_dc%211887000
END: 2012-09-26 13:13:58.760400
START: 2012-09-26 13:14:14.794926
URL ECONDED TOKEN: LR!2011-09-07T02:15:34Z!2037-01-01T00:00:00Z!oai_dc!1888000
Resumption Token: resumptionToken=LR%212011-09-07T02%3A15%3A34Z%212037-01-01T00%3A00%3A00Z%21oai_dc%211888000
END: 2012-09-26 13:14:31.913494
START: 2012-09-26 13:14:48.027144
URL ECONDED TOKEN: LR!2011-09-07T02:15:34Z!2037-01-01T00:00:00Z!oai_dc!1889000
Resumption Token: resumptionToken=LR%212011-09-07T02%3A15%3A34Z%212037-01-01T00%3A00%3A00Z%21oai_dc%211889000
END: 2012-09-26 13:15:03.276952
START: 2012-09-26 13:15:17.919468
URL ECONDED TOKEN: LR!2011-09-07T02:15:34Z!2037-01-01T00:00:00Z!oai_dc!1890000
Resumption Token: resumptionToken=LR%212011-09-07T02%3A15%3A34Z%212037-01-01T00%3A00%3A00Z%21oai_dc%211890000
END: 2012-09-26 13:15:30.781264
START: 2012-09-26 13:15:43.491027
URL ECONDED TOKEN: LR!2011-09-07T02:15:34Z!2037-01-01T00:00:00Z!oai_dc!1891000
Resumption Token: resumptionToken=LR%212011-09-07T02%3A15%3A34Z%212037-01-01T00%3A00%3A00Z%21oai_dc%211891000
END: 2012-09-26 13:15:57.825793
START: 2012-09-26 13:16:11.489917
URL ECONDED TOKEN: LR!2011-09-07T02:15:34Z!2037-01-01T00:00:00Z!oai_dc!1892000
Resumption Token: resumptionToken=LR%212011-09-07T02%3A15%3A34Z%212037-01-01T00%3A00%3A00Z%21oai_dc%211892000
END: 2012-09-26 13:16:25.320565
START: 2012-09-26 13:16:39.200573
URL ECONDED TOKEN: LR!2011-09-07T02:15:34Z!2037-01-01T00:00:00Z!oai_dc!1893000
Resumption Token: resumptionToken=LR%212011-09-07T02%3A15%3A34Z%212037-01-01T00%3A00%3A00Z%21oai_dc%211893000
END: 2012-09-26 13:16:53.658053
START: 2012-09-26 13:17:07.063317
URL ECONDED TOKEN: LR!2011-09-07T02:15:34Z!2037-01-01T00:00:00Z!oai_dc!1894000
Resumption Token: resumptionToken=LR%212011-09-07T02%3A15%3A34Z%212037-01-01T00%3A00%3A00Z%21oai_dc%211894000
END: 2012-09-26 13:17:24.298294
START: 2012-09-26 13:17:41.252245
URL ECONDED TOKEN: LR!2011-09-07T02:15:34Z!2037-01-01T00:00:00Z!oai_dc!1895000
Resumption Token: resumptionToken=LR%212011-09-07T02%3A15%3A34Z%212037-01-01T00%3A00%3A00Z%21oai_dc%211895000
END: 2012-09-26 13:17:59.348303
START: 2012-09-26 13:18:17.804249
URL ECONDED TOKEN: LR!2011-09-07T02:15:34Z!2037-01-01T00:00:00Z!oai_dc!1896000
Resumption Token: resumptionToken=LR%212011-09-07T02%3A15%3A34Z%212037-01-01T00%3A00%3A00Z%21oai_dc%211896000
END: 2012-09-26 13:18:33.176682
START: 2012-09-26 13:18:47.668199
URL ECONDED TOKEN: LR!2011-09-07T02:15:34Z!2037-01-01T00:00:00Z!oai_dc!1897000
Resumption Token: resumptionToken=LR%212011-09-07T02%3A15%3A34Z%212037-01-01T00%3A00%3A00Z%21oai_dc%211897000
END: 2012-09-26 13:19:03.253945
START: 2012-09-26 13:19:18.137434
URL ECONDED TOKEN: LR!2011-09-07T02:15:34Z!2037-01-01T00:00:00Z!oai_dc!1898000
Resumption Token: resumptionToken=LR%212011-09-07T02%3A15%3A34Z%212037-01-01T00%3A00%3A00Z%21oai_dc%211898000
END: 2012-09-26 13:19:34.010739
START: 2012-09-26 13:19:49.856395
URL ECONDED TOKEN: LR!2011-09-07T02:15:34Z!2037-01-01T00:00:00Z!oai_dc!1899000
Resumption Token: resumptionToken=LR%212011-09-07T02%3A15%3A34Z%212037-01-01T00%3A00%3A00Z%21oai_dc%211899000
END: 2012-09-26 13:20:06.318480
START: 2012-09-26 13:20:22.340349
URL ECONDED TOKEN: LR!2011-09-07T02:15:34Z!2037-01-01T00:00:00Z!oai_dc!1900000
Resumption Token: resumptionToken=LR%212011-09-07T02%3A15%3A34Z%212037-01-01T00%3A00%3A00Z%21oai_dc%211900000
END: 2012-09-26 13:20:38.182823
START: 2012-09-26 13:20:53.240679
URL ECONDED TOKEN: LR!2011-09-07T02:15:34Z!2037-01-01T00:00:00Z!oai_dc!1901000
Resumption Token: resumptionToken=LR%212011-09-07T02%3A15%3A34Z%212037-01-01T00%3A00%3A00Z%21oai_dc%211901000
END: 2012-09-26 13:21:09.127528
START: 2012-09-26 13:21:23.702168
URL ECONDED TOKEN: LR!2011-09-07T02:15:34Z!2037-01-01T00:00:00Z!oai_dc!1902000
Resumption Token: resumptionToken=LR%212011-09-07T02%3A15%3A34Z%212037-01-01T00%3A00%3A00Z%21oai_dc%211902000
END: 2012-09-26 13:21:39.894809
START: 2012-09-26 13:21:55.013521
URL ECONDED TOKEN: LR!2011-09-07T02:15:34Z!2037-01-01T00:00:00Z!oai_dc!1903000
Resumption Token: resumptionToken=LR%212011-09-07T02%3A15%3A34Z%212037-01-01T00%3A00%3A00Z%21oai_dc%211903000
END: 2012-09-26 13:22:10.493234
START: 2012-09-26 13:22:25.717235
URL ECONDED TOKEN: LR!2011-09-07T02:15:34Z!2037-01-01T00:00:00Z!oai_dc!1904000
Resumption Token: resumptionToken=LR%212011-09-07T02%3A15%3A34Z%212037-01-01T00%3A00%3A00Z%21oai_dc%211904000
END: 2012-09-26 13:22:41.598451
START: 2012-09-26 13:22:57.131271
URL ECONDED TOKEN: LR!2011-09-07T02:15:34Z!2037-01-01T00:00:00Z!oai_dc!1905000
Resumption Token: resumptionToken=LR%212011-09-07T02%3A15%3A34Z%212037-01-01T00%3A00%3A00Z%21oai_dc%211905000
END: 2012-09-26 13:23:12.798421
START: 2012-09-26 13:23:27.764910
URL ECONDED TOKEN: LR!2011-09-07T02:15:34Z!2037-01-01T00:00:00Z!oai_dc!1906000
Resumption Token: resumptionToken=LR%212011-09-07T02%3A15%3A34Z%212037-01-01T00%3A00%3A00Z%21oai_dc%211906000
END: 2012-09-26 13:23:42.863220
START: 2012-09-26 13:23:58.098976
URL ECONDED TOKEN: LR!2011-09-07T02:15:34Z!2037-01-01T00:00:00Z!oai_dc!1907000
Resumption Token: resumptionToken=LR%212011-09-07T02%3A15%3A34Z%212037-01-01T00%3A00%3A00Z%21oai_dc%211907000
END: 2012-09-26 13:24:24.836170
START: 2012-09-26 13:24:40.231936
URL ECONDED TOKEN: LR!2011-09-07T02:15:34Z!2037-01-01T00:00:00Z!oai_dc!1908000
Resumption Token: resumptionToken=LR%212011-09-07T02%3A15%3A34Z%212037-01-01T00%3A00%3A00Z%21oai_dc%211908000
END: 2012-09-26 13:24:55.285625
START: 2012-09-26 13:25:08.813590
URL ECONDED TOKEN: LR!2011-09-07T02:15:34Z!2037-01-01T00:00:00Z!oai_dc!1909000
Resumption Token: resumptionToken=LR%212011-09-07T02%3A15%3A34Z%212037-01-01T00%3A00%3A00Z%21oai_dc%211909000
END: 2012-09-26 13:25:23.714323
START: 2012-09-26 13:25:36.675124
URL ECONDED TOKEN: LR!2011-09-07T02:15:34Z!2037-01-01T00:00:00Z!oai_dc!1910000
Resumption Token: resumptionToken=LR%212011-09-07T02%3A15%3A34Z%212037-01-01T00%3A00%3A00Z%21oai_dc%211910000
END: 2012-09-26 13:25:53.280764
START: 2012-09-26 13:26:08.838711
URL ECONDED TOKEN: LR!2011-09-07T02:15:34Z!2037-01-01T00:00:00Z!oai_dc!1911000
Resumption Token: resumptionToken=LR%212011-09-07T02%3A15%3A34Z%212037-01-01T00%3A00%3A00Z%21oai_dc%211911000
END: 2012-09-26 13:26:25.185558
START: 2012-09-26 13:26:40.167122
URL ECONDED TOKEN: LR!2011-09-07T02:15:34Z!2037-01-01T00:00:00Z!oai_dc!1912000
Resumption Token: resumptionToken=LR%212011-09-07T02%3A15%3A34Z%212037-01-01T00%3A00%3A00Z%21oai_dc%211912000
END: 2012-09-26 13:26:56.464307
START: 2012-09-26 13:27:11.124914
URL ECONDED TOKEN: LR!2011-09-07T02:15:34Z!2037-01-01T00:00:00Z!oai_dc!1913000
Resumption Token: resumptionToken=LR%212011-09-07T02%3A15%3A34Z%212037-01-01T00%3A00%3A00Z%21oai_dc%211913000
END: 2012-09-26 13:27:26.637654
START: 2012-09-26 13:27:42.153618
URL ECONDED TOKEN: LR!2011-09-07T02:15:34Z!2037-01-01T00:00:00Z!oai_dc!1914000
Resumption Token: resumptionToken=LR%212011-09-07T02%3A15%3A34Z%212037-01-01T00%3A00%3A00Z%21oai_dc%211914000
END: 2012-09-26 13:27:58.172585
START: 2012-09-26 13:28:13.390241
URL ECONDED TOKEN: LR!2011-09-07T02:15:34Z!2037-01-01T00:00:00Z!oai_dc!1915000
Resumption Token: resumptionToken=LR%212011-09-07T02%3A15%3A34Z%212037-01-01T00%3A00%3A00Z%21oai_dc%211915000
END: 2012-09-26 13:28:29.159252
START: 2012-09-26 13:28:44.612540
URL ECONDED TOKEN: LR!2011-09-07T02:15:34Z!2037-01-01T00:00:00Z!oai_dc!1916000
Resumption Token: resumptionToken=LR%212011-09-07T02%3A15%3A34Z%212037-01-01T00%3A00%3A00Z%21oai_dc%211916000
END: 2012-09-26 13:29:00.439712
START: 2012-09-26 13:29:16.139321
URL ECONDED TOKEN: LR!2011-09-07T02:15:34Z!2037-01-01T00:00:00Z!oai_dc!1917000
Resumption Token: resumptionToken=LR%212011-09-07T02%3A15%3A34Z%212037-01-01T00%3A00%3A00Z%21oai_dc%211917000
END: 2012-09-26 13:29:32.069063
START: 2012-09-26 13:29:46.787021
URL ECONDED TOKEN: LR!2011-09-07T02:15:34Z!2037-01-01T00:00:00Z!oai_dc!1918000
Resumption Token: resumptionToken=LR%212011-09-07T02%3A15%3A34Z%212037-01-01T00%3A00%3A00Z%21oai_dc%211918000
END: 2012-09-26 13:30:02.709503
START: 2012-09-26 13:30:18.309236
URL ECONDED TOKEN: LR!2011-09-07T02:15:34Z!2037-01-01T00:00:00Z!oai_dc!1919000
Resumption Token: resumptionToken=LR%212011-09-07T02%3A15%3A34Z%212037-01-01T00%3A00%3A00Z%21oai_dc%211919000
END: 2012-09-26 13:30:34.727524
START: 2012-09-26 13:30:50.083928
URL ECONDED TOKEN: LR!2011-09-07T02:15:34Z!2037-01-01T00:00:00Z!oai_dc!1920000
Resumption Token: resumptionToken=LR%212011-09-07T02%3A15%3A34Z%212037-01-01T00%3A00%3A00Z%21oai_dc%211920000
END: 2012-09-26 13:31:06.011045
START: 2012-09-26 13:31:21.575483
URL ECONDED TOKEN: LR!2011-09-07T02:15:34Z!2037-01-01T00:00:00Z!oai_dc!1921000
Resumption Token: resumptionToken=LR%212011-09-07T02%3A15%3A34Z%212037-01-01T00%3A00%3A00Z%21oai_dc%211921000
END: 2012-09-26 13:31:37.219767
START: 2012-09-26 13:31:52.337852
URL ECONDED TOKEN: LR!2011-09-07T02:15:34Z!2037-01-01T00:00:00Z!oai_dc!1922000
Resumption Token: resumptionToken=LR%212011-09-07T02%3A15%3A34Z%212037-01-01T00%3A00%3A00Z%21oai_dc%211922000
END: 2012-09-26 13:32:08.150678
START: 2012-09-26 13:32:22.943193
URL ECONDED TOKEN: LR!2011-09-07T02:15:34Z!2037-01-01T00:00:00Z!oai_dc!1923000
Resumption Token: resumptionToken=LR%212011-09-07T02%3A15%3A34Z%212037-01-01T00%3A00%3A00Z%21oai_dc%211923000
END: 2012-09-26 13:32:37.888655
START: 2012-09-26 13:32:52.395325
URL ECONDED TOKEN: LR!2011-09-07T02:15:34Z!2037-01-01T00:00:00Z!oai_dc!1924000
Resumption Token: resumptionToken=LR%212011-09-07T02%3A15%3A34Z%212037-01-01T00%3A00%3A00Z%21oai_dc%211924000
END: 2012-09-26 13:33:08.318991
START: 2012-09-26 13:33:24.083554
URL ECONDED TOKEN: LR!2011-09-07T02:15:34Z!2037-01-01T00:00:00Z!oai_dc!1925000
Resumption Token: resumptionToken=LR%212011-09-07T02%3A15%3A34Z%212037-01-01T00%3A00%3A00Z%21oai_dc%211925000
END: 2012-09-26 13:33:39.489630
START: 2012-09-26 13:33:54.256506
URL ECONDED TOKEN: LR!2011-09-07T02:15:34Z!2037-01-01T00:00:00Z!oai_dc!1926000
Resumption Token: resumptionToken=LR%212011-09-07T02%3A15%3A34Z%212037-01-01T00%3A00%3A00Z%21oai_dc%211926000
END: 2012-09-26 13:34:10.650742
START: 2012-09-26 13:34:25.222387
URL ECONDED TOKEN: LR!2011-09-07T02:15:34Z!2037-01-01T00:00:00Z!oai_dc!1927000
Resumption Token: resumptionToken=LR%212011-09-07T02%3A15%3A34Z%212037-01-01T00%3A00%3A00Z%21oai_dc%211927000
END: 2012-09-26 13:34:40.853494
START: 2012-09-26 13:34:56.319473
URL ECONDED TOKEN: LR!2011-09-07T02:15:34Z!2037-01-01T00:00:00Z!oai_dc!1928000
Resumption Token: resumptionToken=LR%212011-09-07T02%3A15%3A34Z%212037-01-01T00%3A00%3A00Z%21oai_dc%211928000
END: 2012-09-26 13:35:12.627884
START: 2012-09-26 13:35:28.154537
URL ECONDED TOKEN: LR!2011-09-07T02:15:34Z!2037-01-01T00:00:00Z!oai_dc!1929000
Resumption Token: resumptionToken=LR%212011-09-07T02%3A15%3A34Z%212037-01-01T00%3A00%3A00Z%21oai_dc%211929000
END: 2012-09-26 13:35:44.094213
START: 2012-09-26 13:35:59.137127
URL ECONDED TOKEN: LR!2011-09-07T02:15:34Z!2037-01-01T00:00:00Z!oai_dc!1930000
Resumption Token: resumptionToken=LR%212011-09-07T02%3A15%3A34Z%212037-01-01T00%3A00%3A00Z%21oai_dc%211930000
END: 2012-09-26 13:36:15.669556
START: 2012-09-26 13:36:30.876967
URL ECONDED TOKEN: LR!2011-09-07T02:15:34Z!2037-01-01T00:00:00Z!oai_dc!1931000
Resumption Token: resumptionToken=LR%212011-09-07T02%3A15%3A34Z%212037-01-01T00%3A00%3A00Z%21oai_dc%211931000
END: 2012-09-26 13:36:46.982517
START: 2012-09-26 13:37:02.539198
URL ECONDED TOKEN: LR!2011-09-07T02:15:34Z!2037-01-01T00:00:00Z!oai_dc!1932000
Resumption Token: resumptionToken=LR%212011-09-07T02%3A15%3A34Z%212037-01-01T00%3A00%3A00Z%21oai_dc%211932000
END: 2012-09-26 13:37:18.216769
START: 2012-09-26 13:37:33.839204
URL ECONDED TOKEN: LR!2011-09-07T02:15:34Z!2037-01-01T00:00:00Z!oai_dc!1933000
Resumption Token: resumptionToken=LR%212011-09-07T02%3A15%3A34Z%212037-01-01T00%3A00%3A00Z%21oai_dc%211933000
END: 2012-09-26 13:37:49.884408
START: 2012-09-26 13:38:04.952009
URL ECONDED TOKEN: LR!2011-09-07T02:15:34Z!2037-01-01T00:00:00Z!oai_dc!1934000
Resumption Token: resumptionToken=LR%212011-09-07T02%3A15%3A34Z%212037-01-01T00%3A00%3A00Z%21oai_dc%211934000
END: 2012-09-26 13:38:20.448649
START: 2012-09-26 13:38:35.250371
URL ECONDED TOKEN: LR!2011-09-07T02:15:34Z!2037-01-01T00:00:00Z!oai_dc!1935000
Resumption Token: resumptionToken=LR%212011-09-07T02%3A15%3A34Z%212037-01-01T00%3A00%3A00Z%21oai_dc%211935000
END: 2012-09-26 13:38:50.712100
START: 2012-09-26 13:39:05.936262
URL ECONDED TOKEN: LR!2011-09-07T02:15:34Z!2037-01-01T00:00:00Z!oai_dc!1936000
Resumption Token: resumptionToken=LR%212011-09-07T02%3A15%3A34Z%212037-01-01T00%3A00%3A00Z%21oai_dc%211936000
END: 2012-09-26 13:39:22.693273
START: 2012-09-26 13:39:38.467720
URL ECONDED TOKEN: LR!2011-09-07T02:15:34Z!2037-01-01T00:00:00Z!oai_dc!1937000
Resumption Token: resumptionToken=LR%212011-09-07T02%3A15%3A34Z%212037-01-01T00%3A00%3A00Z%21oai_dc%211937000
END: 2012-09-26 13:39:54.483660
START: 2012-09-26 13:40:09.818249
URL ECONDED TOKEN: LR!2011-09-07T02:15:34Z!2037-01-01T00:00:00Z!oai_dc!1938000
Resumption Token: resumptionToken=LR%212011-09-07T02%3A15%3A34Z%212037-01-01T00%3A00%3A00Z%21oai_dc%211938000
END: 2012-09-26 13:40:25.072462
START: 2012-09-26 13:40:40.756349
URL ECONDED TOKEN: LR!2011-09-07T02:15:34Z!2037-01-01T00:00:00Z!oai_dc!1939000
Resumption Token: resumptionToken=LR%212011-09-07T02%3A15%3A34Z%212037-01-01T00%3A00%3A00Z%21oai_dc%211939000
END: 2012-09-26 13:40:57.103376
START: 2012-09-26 13:41:12.528481
URL ECONDED TOKEN: LR!2011-09-07T02:15:34Z!2037-01-01T00:00:00Z!oai_dc!1940000
Resumption Token: resumptionToken=LR%212011-09-07T02%3A15%3A34Z%212037-01-01T00%3A00%3A00Z%21oai_dc%211940000
END: 2012-09-26 13:41:27.825717
START: 2012-09-26 13:41:43.093009
URL ECONDED TOKEN: LR!2011-09-07T02:15:34Z!2037-01-01T00:00:00Z!oai_dc!1941000
Resumption Token: resumptionToken=LR%212011-09-07T02%3A15%3A34Z%212037-01-01T00%3A00%3A00Z%21oai_dc%211941000
END: 2012-09-26 13:41:59.677442
START: 2012-09-26 13:42:15.525270
URL ECONDED TOKEN: LR!2011-09-07T02:15:34Z!2037-01-01T00:00:00Z!oai_dc!1942000
Resumption Token: resumptionToken=LR%212011-09-07T02%3A15%3A34Z%212037-01-01T00%3A00%3A00Z%21oai_dc%211942000
END: 2012-09-26 13:42:32.070543
START: 2012-09-26 13:42:46.534489
URL ECONDED TOKEN: LR!2011-09-07T02:15:34Z!2037-01-01T00:00:00Z!oai_dc!1943000
Resumption Token: resumptionToken=LR%212011-09-07T02%3A15%3A34Z%212037-01-01T00%3A00%3A00Z%21oai_dc%211943000
END: 2012-09-26 13:43:01.508421
START: 2012-09-26 13:43:15.914821
URL ECONDED TOKEN: LR!2011-09-07T02:15:34Z!2037-01-01T00:00:00Z!oai_dc!1944000
Resumption Token: resumptionToken=LR%212011-09-07T02%3A15%3A34Z%212037-01-01T00%3A00%3A00Z%21oai_dc%211944000
END: 2012-09-26 13:43:30.796320
START: 2012-09-26 13:43:45.065800
URL ECONDED TOKEN: LR!2011-09-07T02:15:34Z!2037-01-01T00:00:00Z!oai_dc!1945000
Resumption Token: resumptionToken=LR%212011-09-07T02%3A15%3A34Z%212037-01-01T00%3A00%3A00Z%21oai_dc%211945000
END: 2012-09-26 13:43:59.751765
START: 2012-09-26 13:44:14.061387
URL ECONDED TOKEN: LR!2011-09-07T02:15:34Z!2037-01-01T00:00:00Z!oai_dc!1946000
Resumption Token: resumptionToken=LR%212011-09-07T02%3A15%3A34Z%212037-01-01T00%3A00%3A00Z%21oai_dc%211946000
END: 2012-09-26 13:44:29.073871
START: 2012-09-26 13:44:43.555650
URL ECONDED TOKEN: LR!2011-09-07T02:15:34Z!2037-01-01T00:00:00Z!oai_dc!1947000
Resumption Token: resumptionToken=LR%212011-09-07T02%3A15%3A34Z%212037-01-01T00%3A00%3A00Z%21oai_dc%211947000
END: 2012-09-26 13:44:58.429505
START: 2012-09-26 13:45:13.618713
URL ECONDED TOKEN: LR!2011-09-07T02:15:34Z!2037-01-01T00:00:00Z!oai_dc!1948000
Resumption Token: resumptionToken=LR%212011-09-07T02%3A15%3A34Z%212037-01-01T00%3A00%3A00Z%21oai_dc%211948000
END: 2012-09-26 13:45:28.685149
START: 2012-09-26 13:45:42.990192
URL ECONDED TOKEN: LR!2011-09-07T02:15:34Z!2037-01-01T00:00:00Z!oai_dc!1949000
Resumption Token: resumptionToken=LR%212011-09-07T02%3A15%3A34Z%212037-01-01T00%3A00%3A00Z%21oai_dc%211949000
END: 2012-09-26 13:45:58.042140
START: 2012-09-26 13:46:12.799476
URL ECONDED TOKEN: LR!2011-09-07T02:15:34Z!2037-01-01T00:00:00Z!oai_dc!1950000
Resumption Token: resumptionToken=LR%212011-09-07T02%3A15%3A34Z%212037-01-01T00%3A00%3A00Z%21oai_dc%211950000
END: 2012-09-26 13:46:27.974464
START: 2012-09-26 13:46:43.437319
URL ECONDED TOKEN: LR!2011-09-07T02:15:34Z!2037-01-01T00:00:00Z!oai_dc!1951000
Resumption Token: resumptionToken=LR%212011-09-07T02%3A15%3A34Z%212037-01-01T00%3A00%3A00Z%21oai_dc%211951000
END: 2012-09-26 13:46:58.255894
START: 2012-09-26 13:47:12.606109
URL ECONDED TOKEN: LR!2011-09-07T02:15:34Z!2037-01-01T00:00:00Z!oai_dc!1952000
Resumption Token: resumptionToken=LR%212011-09-07T02%3A15%3A34Z%212037-01-01T00%3A00%3A00Z%21oai_dc%211952000
END: 2012-09-26 13:47:27.831649
START: 2012-09-26 13:47:42.201253
URL ECONDED TOKEN: LR!2011-09-07T02:15:34Z!2037-01-01T00:00:00Z!oai_dc!1953000
Resumption Token: resumptionToken=LR%212011-09-07T02%3A15%3A34Z%212037-01-01T00%3A00%3A00Z%21oai_dc%211953000
END: 2012-09-26 13:47:57.615056
START: 2012-09-26 13:48:22.478209
URL ECONDED TOKEN: LR!2011-09-07T02:15:34Z!2037-01-01T00:00:00Z!oai_dc!1954000
Resumption Token: resumptionToken=LR%212011-09-07T02%3A15%3A34Z%212037-01-01T00%3A00%3A00Z%21oai_dc%211954000
END: 2012-09-26 13:48:38.092505
START: 2012-09-26 13:48:52.814597
URL ECONDED TOKEN: LR!2011-09-07T02:15:34Z!2037-01-01T00:00:00Z!oai_dc!1955000
Resumption Token: resumptionToken=LR%212011-09-07T02%3A15%3A34Z%212037-01-01T00%3A00%3A00Z%21oai_dc%211955000
END: 2012-09-26 13:49:07.935203
START: 2012-09-26 13:49:22.606185
URL ECONDED TOKEN: LR!2011-09-07T02:15:34Z!2037-01-01T00:00:00Z!oai_dc!1956000
Resumption Token: resumptionToken=LR%212011-09-07T02%3A15%3A34Z%212037-01-01T00%3A00%3A00Z%21oai_dc%211956000
END: 2012-09-26 13:49:37.605112
START: 2012-09-26 13:49:51.956658
URL ECONDED TOKEN: LR!2011-09-07T02:15:34Z!2037-01-01T00:00:00Z!oai_dc!1957000
Resumption Token: resumptionToken=LR%212011-09-07T02%3A15%3A34Z%212037-01-01T00%3A00%3A00Z%21oai_dc%211957000
END: 2012-09-26 13:50:06.345418
START: 2012-09-26 13:50:20.142712
URL ECONDED TOKEN: LR!2011-09-07T02:15:34Z!2037-01-01T00:00:00Z!oai_dc!1958000
Resumption Token: resumptionToken=LR%212011-09-07T02%3A15%3A34Z%212037-01-01T00%3A00%3A00Z%21oai_dc%211958000
END: 2012-09-26 13:50:34.845689
START: 2012-09-26 13:50:49.321700
URL ECONDED TOKEN: LR!2011-09-07T02:15:34Z!2037-01-01T00:00:00Z!oai_dc!1959000
Resumption Token: resumptionToken=LR%212011-09-07T02%3A15%3A34Z%212037-01-01T00%3A00%3A00Z%21oai_dc%211959000
END: 2012-09-26 13:51:04.575351
START: 2012-09-26 13:51:19.661541
URL ECONDED TOKEN: LR!2011-09-07T02:15:34Z!2037-01-01T00:00:00Z!oai_dc!1960000
Resumption Token: resumptionToken=LR%212011-09-07T02%3A15%3A34Z%212037-01-01T00%3A00%3A00Z%21oai_dc%211960000
END: 2012-09-26 13:51:35.172347
START: 2012-09-26 13:51:50.550582
URL ECONDED TOKEN: LR!2011-09-07T02:15:34Z!2037-01-01T00:00:00Z!oai_dc!1961000
Resumption Token: resumptionToken=LR%212011-09-07T02%3A15%3A34Z%212037-01-01T00%3A00%3A00Z%21oai_dc%211961000
END: 2012-09-26 13:52:10.917788
URL ECONDED TOKEN: LR!2011-09-07T02:15:34Z!2037-01-01T00:00:00Z!oai_dc!1962000
Resumption Token: resumptionToken=LR%212011-09-07T02%3A15%3A34Z%212037-01-01T00%3A00%3A00Z%21oai_dc%211962000
URL ECONDED TOKEN: LR!2011-09-07T02:15:34Z!2037-01-01T00:00:00Z!oai_dc!1963000
Resumption Token: resumptionToken=LR%212011-09-07T02%3A15%3A34Z%212037-01-01T00%3A00%3A00Z%21oai_dc%211963000
URL ECONDED TOKEN: LR!2011-09-07T02:15:34Z!2037-01-01T00:00:00Z!oai_dc!1964000
Resumption Token: resumptionToken=LR%212011-09-07T02%3A15%3A34Z%212037-01-01T00%3A00%3A00Z%21oai_dc%211964000
URL ECONDED TOKEN: LR!2011-09-07T02:15:34Z!2037-01-01T00:00:00Z!oai_dc!1965000
Resumption Token: resumptionToken=LR%212011-09-07T02%3A15%3A34Z%212037-01-01T00%3A00%3A00Z%21oai_dc%211965000
URL ECONDED TOKEN: LR!2011-09-07T02:15:34Z!2037-01-01T00:00:00Z!oai_dc!1966000
Resumption Token: resumptionToken=LR%212011-09-07T02%3A15%3A34Z%212037-01-01T00%3A00%3A00Z%21oai_dc%211966000
URL ECONDED TOKEN: LR!2011-09-07T02:15:34Z!2037-01-01T00:00:00Z!oai_dc!1967000
Resumption Token: resumptionToken=LR%212011-09-07T02%3A15%3A34Z%212037-01-01T00%3A00%3A00Z%21oai_dc%211967000
URL ECONDED TOKEN: LR!2011-09-07T02:15:34Z!2037-01-01T00:00:00Z!oai_dc!1968000
Resumption Token: resumptionToken=LR%212011-09-07T02%3A15%3A34Z%212037-01-01T00%3A00%3A00Z%21oai_dc%211968000
END: 2012-09-26 14:29:18.709575
START: 2012-09-26 14:29:34.435361
URL ECONDED TOKEN: LR!2011-09-07T02:15:34Z!2037-01-01T00:00:00Z!oai_dc!1969000
Resumption Token: resumptionToken=LR%212011-09-07T02%3A15%3A34Z%212037-01-01T00%3A00%3A00Z%21oai_dc%211969000
END: 2012-09-26 14:29:49.217111
START: 2012-09-26 14:30:04.019521
URL ECONDED TOKEN: LR!2011-09-07T02:15:34Z!2037-01-01T00:00:00Z!oai_dc!1970000
Resumption Token: resumptionToken=LR%212011-09-07T02%3A15%3A34Z%212037-01-01T00%3A00%3A00Z%21oai_dc%211970000
END: 2012-09-26 14:30:19.413053
START: 2012-09-26 14:30:33.395215
URL ECONDED TOKEN: LR!2011-09-07T02:15:34Z!2037-01-01T00:00:00Z!oai_dc!1971000
Resumption Token: resumptionToken=LR%212011-09-07T02%3A15%3A34Z%212037-01-01T00%3A00%3A00Z%21oai_dc%211971000
END: 2012-09-26 14:30:47.467212
START: 2012-09-26 14:31:01.914509
URL ECONDED TOKEN: LR!2011-09-07T02:15:34Z!2037-01-01T00:00:00Z!oai_dc!1972000
Resumption Token: resumptionToken=LR%212011-09-07T02%3A15%3A34Z%212037-01-01T00%3A00%3A00Z%21oai_dc%211972000
END: 2012-09-26 14:31:16.567479
START: 2012-09-26 14:31:30.799196
URL ECONDED TOKEN: LR!2011-09-07T02:15:34Z!2037-01-01T00:00:00Z!oai_dc!1973000
Resumption Token: resumptionToken=LR%212011-09-07T02%3A15%3A34Z%212037-01-01T00%3A00%3A00Z%21oai_dc%211973000
END: 2012-09-26 14:31:44.418933
START: 2012-09-26 14:31:57.438679
URL ECONDED TOKEN: LR!2011-09-07T02:15:34Z!2037-01-01T00:00:00Z!oai_dc!1974000
Resumption Token: resumptionToken=LR%212011-09-07T02%3A15%3A34Z%212037-01-01T00%3A00%3A00Z%21oai_dc%211974000
END: 2012-09-26 14:32:12.857804
START: 2012-09-26 14:32:27.381210
URL ECONDED TOKEN: LR!2011-09-07T02:15:34Z!2037-01-01T00:00:00Z!oai_dc!1975000
Resumption Token: resumptionToken=LR%212011-09-07T02%3A15%3A34Z%212037-01-01T00%3A00%3A00Z%21oai_dc%211975000
END: 2012-09-26 14:32:41.937448
START: 2012-09-26 14:32:56.610761
URL ECONDED TOKEN: LR!2011-09-07T02:15:34Z!2037-01-01T00:00:00Z!oai_dc!1976000
Resumption Token: resumptionToken=LR%212011-09-07T02%3A15%3A34Z%212037-01-01T00%3A00%3A00Z%21oai_dc%211976000
END: 2012-09-26 14:33:11.662935
START: 2012-09-26 14:33:25.258458
URL ECONDED TOKEN: LR!2011-09-07T02:15:34Z!2037-01-01T00:00:00Z!oai_dc!1977000
Resumption Token: resumptionToken=LR%212011-09-07T02%3A15%3A34Z%212037-01-01T00%3A00%3A00Z%21oai_dc%211977000
END: 2012-09-26 14:33:41.251262
START: 2012-09-26 14:33:56.943163
URL ECONDED TOKEN: LR!2011-09-07T02:15:34Z!2037-01-01T00:00:00Z!oai_dc!1978000
Resumption Token: resumptionToken=LR%212011-09-07T02%3A15%3A34Z%212037-01-01T00%3A00%3A00Z%21oai_dc%211978000
END: 2012-09-26 14:34:10.971858
START: 2012-09-26 14:34:24.856397
URL ECONDED TOKEN: LR!2011-09-07T02:15:34Z!2037-01-01T00:00:00Z!oai_dc!1979000
Resumption Token: resumptionToken=LR%212011-09-07T02%3A15%3A34Z%212037-01-01T00%3A00%3A00Z%21oai_dc%211979000
END: 2012-09-26 14:34:39.712424
START: 2012-09-26 14:34:53.288949
URL ECONDED TOKEN: LR!2011-09-07T02:15:34Z!2037-01-01T00:00:00Z!oai_dc!1980000
Resumption Token: resumptionToken=LR%212011-09-07T02%3A15%3A34Z%212037-01-01T00%3A00%3A00Z%21oai_dc%211980000
END: 2012-09-26 14:35:09.316384
START: 2012-09-26 14:35:24.538822
URL ECONDED TOKEN: LR!2011-09-07T02:15:34Z!2037-01-01T00:00:00Z!oai_dc!1981000
Resumption Token: resumptionToken=LR%212011-09-07T02%3A15%3A34Z%212037-01-01T00%3A00%3A00Z%21oai_dc%211981000
END: 2012-09-26 14:35:40.207927
START: 2012-09-26 14:35:55.545348
URL ECONDED TOKEN: LR!2011-09-07T02:15:34Z!2037-01-01T00:00:00Z!oai_dc!1982000
Resumption Token: resumptionToken=LR%212011-09-07T02%3A15%3A34Z%212037-01-01T00%3A00%3A00Z%21oai_dc%211982000
END: 2012-09-26 14:36:11.033504
START: 2012-09-26 14:36:26.651986
URL ECONDED TOKEN: LR!2011-09-07T02:15:34Z!2037-01-01T00:00:00Z!oai_dc!1983000
Resumption Token: resumptionToken=LR%212011-09-07T02%3A15%3A34Z%212037-01-01T00%3A00%3A00Z%21oai_dc%211983000
END: 2012-09-26 14:36:42.823467
START: 2012-09-26 14:36:58.399358
URL ECONDED TOKEN: LR!2011-09-07T02:15:34Z!2037-01-01T00:00:00Z!oai_dc!1984000
Resumption Token: resumptionToken=LR%212011-09-07T02%3A15%3A34Z%212037-01-01T00%3A00%3A00Z%21oai_dc%211984000
END: 2012-09-26 14:37:13.090668
START: 2012-09-26 14:37:27.591699
URL ECONDED TOKEN: LR!2011-09-07T02:15:34Z!2037-01-01T00:00:00Z!oai_dc!1985000
Resumption Token: resumptionToken=LR%212011-09-07T02%3A15%3A34Z%212037-01-01T00%3A00%3A00Z%21oai_dc%211985000
END: 2012-09-26 14:37:43.362630
START: 2012-09-26 14:37:58.054634
URL ECONDED TOKEN: LR!2011-09-07T02:15:34Z!2037-01-01T00:00:00Z!oai_dc!1986000
Resumption Token: resumptionToken=LR%212011-09-07T02%3A15%3A34Z%212037-01-01T00%3A00%3A00Z%21oai_dc%211986000
END: 2012-09-26 14:38:10.053346
START: 2012-09-26 14:38:22.339716
URL ECONDED TOKEN: LR!2011-09-07T02:15:34Z!2037-01-01T00:00:00Z!oai_dc!1987000
Resumption Token: resumptionToken=LR%212011-09-07T02%3A15%3A34Z%212037-01-01T00%3A00%3A00Z%21oai_dc%211987000
END: 2012-09-26 14:38:33.671970
START: 2012-09-26 14:38:46.079366
URL ECONDED TOKEN: LR!2011-09-07T02:15:34Z!2037-01-01T00:00:00Z!oai_dc!1988000
Resumption Token: resumptionToken=LR%212011-09-07T02%3A15%3A34Z%212037-01-01T00%3A00%3A00Z%21oai_dc%211988000
END: 2012-09-26 14:38:58.194613
START: 2012-09-26 14:39:10.687778
URL ECONDED TOKEN: LR!2011-09-07T02:15:34Z!2037-01-01T00:00:00Z!oai_dc!1989000
Resumption Token: resumptionToken=LR%212011-09-07T02%3A15%3A34Z%212037-01-01T00%3A00%3A00Z%21oai_dc%211989000
END: 2012-09-26 14:39:23.017022
START: 2012-09-26 14:39:35.006314
URL ECONDED TOKEN: LR!2011-09-07T02:15:34Z!2037-01-01T00:00:00Z!oai_dc!1990000
Resumption Token: resumptionToken=LR%212011-09-07T02%3A15%3A34Z%212037-01-01T00%3A00%3A00Z%21oai_dc%211990000
END: 2012-09-26 14:39:47.203721
START: 2012-09-26 14:39:58.745171
URL ECONDED TOKEN: LR!2011-09-07T02:15:34Z!2037-01-01T00:00:00Z!oai_dc!1991000
Resumption Token: resumptionToken=LR%212011-09-07T02%3A15%3A34Z%212037-01-01T00%3A00%3A00Z%21oai_dc%211991000
END: 2012-09-26 14:40:10.833421
START: 2012-09-26 14:40:23.208985
URL ECONDED TOKEN: LR!2011-09-07T02:15:34Z!2037-01-01T00:00:00Z!oai_dc!1992000
Resumption Token: resumptionToken=LR%212011-09-07T02%3A15%3A34Z%212037-01-01T00%3A00%3A00Z%21oai_dc%211992000
END: 2012-09-26 14:40:35.279715
START: 2012-09-26 14:40:47.549505
URL ECONDED TOKEN: LR!2011-09-07T02:15:34Z!2037-01-01T00:00:00Z!oai_dc!1993000
Resumption Token: resumptionToken=LR%212011-09-07T02%3A15%3A34Z%212037-01-01T00%3A00%3A00Z%21oai_dc%211993000
END: 2012-09-26 14:40:59.811779
START: 2012-09-26 14:41:11.799678
URL ECONDED TOKEN: LR!2011-09-07T02:15:34Z!2037-01-01T00:00:00Z!oai_dc!1994000
Resumption Token: resumptionToken=LR%212011-09-07T02%3A15%3A34Z%212037-01-01T00%3A00%3A00Z%21oai_dc%211994000
END: 2012-09-26 14:41:24.025492
START: 2012-09-26 14:41:36.248931
URL ECONDED TOKEN: LR!2011-09-07T02:15:34Z!2037-01-01T00:00:00Z!oai_dc!1995000
Resumption Token: resumptionToken=LR%212011-09-07T02%3A15%3A34Z%212037-01-01T00%3A00%3A00Z%21oai_dc%211995000
END: 2012-09-26 14:41:47.603194
START: 2012-09-26 14:41:59.667661
URL ECONDED TOKEN: LR!2011-09-07T02:15:34Z!2037-01-01T00:00:00Z!oai_dc!1996000
Resumption Token: resumptionToken=LR%212011-09-07T02%3A15%3A34Z%212037-01-01T00%3A00%3A00Z%21oai_dc%211996000
END: 2012-09-26 14:42:11.706316
START: 2012-09-26 14:42:24.168303
URL ECONDED TOKEN: LR!2011-09-07T02:15:34Z!2037-01-01T00:00:00Z!oai_dc!1997000
Resumption Token: resumption